<?xml version="1.0" encoding="UTF-8"?>
<!-- Generated by org.testng.reporters.JUnitXMLReporter -->
<testsuite ignored="6" hostname="DESKTOP-AHV403J" failures="1" tests="8" name="Test" time="161.021" errors="0" timestamp="2022-10-15T21:06:52 IST">
  <testcase classname="com.zohoCRM.testscripts.PotentialLead" name="createPotentialLead" time="0.002"/>
  <testcase classname="com.zohoCRM.testscripts.LeadsModule" name="deleteLead" time="0.0"/>
  <testcase classname="com.zohoCRM.testscripts.LeadsModule" name="creteNewLead" time="45.004">
    <failure type="java.lang.AssertionError" message="expected [pvt Ltd] but found [  pvt Ltd]">
      <![CDATA[java.lang.AssertionError: expected [pvt Ltd] but found [  pvt Ltd]
at com.zohoCRM.testscripts.LeadsModule.creteNewLead(LeadsModule.java:37)
at java.base/java.util.ArrayList.forEach(ArrayList.java:1511)
... Removed 35 stack frames]]>
    </failure>
  </testcase> <!-- creteNewLead -->
  <testcase classname="com.zohoCRM.testscripts.LeadsModule" name="modifyLead" time="0.001"/>
  <testcase classname="com.zohoCRM.testscripts.ProductModule" name="createProduct" time="0.004"/>
  <testcase classname="com.zohoCRM.testscripts.ProductModule" name="editProduct" time="0.002"/>
  <testcase classname="com.zohoCRM.testscripts.CampaignModule" name="createCampaign" time="4.507"/>
  <testcase classname="com.zohoCRM.testscripts.CampaignModule" name="ModifyCampaign" time="0.002"/>
  <testcase classname="com.zohoCRM.generic.BaseClass" name="@BeforeTest openBrowser" time="0.0">
    <ignored/>
  </testcase> <!-- @BeforeTest openBrowser -->
  <testcase classname="com.zohoCRM.generic.BaseClass" name="@BeforeTest openBrowser" time="0.0">
    <ignored/>
  </testcase> <!-- @BeforeTest openBrowser -->
  <testcase classname="com.zohoCRM.generic.BaseClass" name="@AfterTest closeBrowser" time="0.0">
    <ignored/>
  </testcase> <!-- @AfterTest closeBrowser -->
  <testcase classname="com.zohoCRM.generic.BaseClass" name="@BeforeTest openBrowser" time="0.0">
    <ignored/>
  </testcase> <!-- @BeforeTest openBrowser -->
  <testcase classname="com.zohoCRM.generic.BaseClass" name="@AfterTest closeBrowser" time="0.0">
    <ignored/>
  </testcase> <!-- @AfterTest closeBrowser -->
  <testcase classname="com.zohoCRM.generic.BaseClass" name="@AfterTest closeBrowser" time="0.0">
    <ignored/>
  </testcase> <!-- @AfterTest closeBrowser -->
</testsuite> <!-- Test -->
